# JRE version: OpenJDK Runtime Environment Temurin-21.0.7+6 (21.0.7+6) (build 21.0.7+6-LTS)
# Java VM: OpenJDK 64-Bit Server VM Temurin-21.0.7+6 (21.0.7+6-LTS, mixed mode, sharing, tiered, compressed oops, compressed class ptrs, g1 gc, windows-amd64)
GC Precious Log:
 CardTable entry size: 512
 Card Set container configuration: InlinePtr #cards 5 size 8 Array Of Cards #cards 12 size 40 Howl #buckets 4 coarsen threshold 1843 Howl Bitmap #cards 512 size 80 coarsen threshold 460 Card regions per heap region 1 cards per card region 2048
 CPUs: 4 total, 4 available
 Memory: 8109M
 Large Page Support: Disabled
 NUMA Support: Disabled
 Compressed Oops: Enabled (32-bit)
 Heap Region Size: 1M
 Heap Min Capacity: 8M
 Heap Initial Capacity: 128M
 Heap Max Capacity: 2028M
 Pre-touch: Disabled
 Parallel Workers: 4
 Concurrent Workers: 1
 Concurrent Refinement Workers: 4
 Periodic GC: Disabled
Heap:
 garbage-first heap   total 54272K, used 31307K [0x0000000081400000, 0x0000000100000000)
  region size 1024K, 15 young (15360K), 4 survivors (4096K)
 Metaspace       used 41165K, committed 41792K, reserved 1114112K
  class space    used 5029K, committed 5312K, reserved 1048576K
GC Heap History (20 events):
Event: 3.929 GC heap before
{Heap before GC invocations=3 (full 0):
 garbage-first heap   total 131072K, used 81796K [0x0000000081400000, 0x0000000100000000)
  region size 1024K, 76 young (77824K), 3 survivors (3072K)
 Metaspace       used 20059K, committed 20416K, reserved 1114112K
  class space    used 2341K, committed 2496K, reserved 1048576K
}
Event: 3.937 GC heap after
{Heap after GC invocations=4 (full 0):
 garbage-first heap   total 131072K, used 11063K [0x0000000081400000, 0x0000000100000000)
  region size 1024K, 6 young (6144K), 6 survivors (6144K)
 Metaspace       used 20059K, committed 20416K, reserved 1114112K
  class space    used 2341K, committed 2496K, reserved 1048576K
}
Event: 4.356 GC heap before
{Heap before GC invocations=4 (full 0):
 garbage-first heap   total 131072K, used 28471K [0x0000000081400000, 0x0000000100000000)
  region size 1024K, 24 young (24576K), 6 survivors (6144K)
 Metaspace       used 21196K, committed 21504K, reserved 1114112K
  class space    used 2470K, committed 2624K, reserved 1048576K
}
Event: 4.364 GC heap after
{Heap after GC invocations=5 (full 0):
 garbage-first heap   total 131072K, used 12416K [0x0000000081400000, 0x0000000100000000)
  region size 1024K, 7 young (7168K), 7 survivors (7168K)
 Metaspace       used 21196K, committed 21504K, reserved 1114112K
  class space    used 2470K, committed 2624K, reserved 1048576K
}
Event: 4.660 GC heap before
{Heap before GC invocations=6 (full 0):
 garbage-first heap   total 45056K, used 31872K [0x0000000081400000, 0x0000000100000000)
  region size 1024K, 26 young (26624K), 7 survivors (7168K)
 Metaspace       used 22482K, committed 22848K, reserved 1114112K
  class space    used 2626K, committed 2816K, reserved 1048576K
}
Event: 4.668 GC heap after
{Heap after GC invocations=7 (full 0):
 garbage-first heap   total 45056K, used 12598K [0x0000000081400000, 0x0000000100000000)
  region size 1024K, 2 young (2048K), 2 survivors (2048K)
 Metaspace       used 22482K, committed 22848K, reserved 1114112K
  class space    used 2626K, committed 2816K, reserved 1048576K
}
Event: 5.068 GC heap before
{Heap before GC invocations=7 (full 0):
 garbage-first heap   total 45056K, used 37174K [0x0000000081400000, 0x0000000100000000)
  region size 1024K, 26 young (26624K), 2 survivors (2048K)
 Metaspace       used 24035K, committed 24448K, reserved 1114112K
  class space    used 2824K, committed 3008K, reserved 1048576K
}
Event: 5.076 GC heap after
{Heap after GC invocations=8 (full 0):
 garbage-first heap   total 45056K, used 13995K [0x0000000081400000, 0x0000000100000000)
  region size 1024K, 3 young (3072K), 3 survivors (3072K)
 Metaspace       used 24035K, committed 24448K, reserved 1114112K
  class space    used 2824K, committed 3008K, reserved 1048576K
}
Event: 5.426 GC heap before
{Heap before GC invocations=8 (full 0):
 garbage-first heap   total 45056K, used 37547K [0x0000000081400000, 0x0000000100000000)
  region size 1024K, 26 young (26624K), 3 survivors (3072K)
 Metaspace       used 26225K, committed 26688K, reserved 1114112K
  class space    used 3124K, committed 3328K, reserved 1048576K
}
Event: 5.433 GC heap after
{Heap after GC invocations=9 (full 0):
 garbage-first heap   total 45056K, used 15173K [0x0000000081400000, 0x0000000100000000)
  region size 1024K, 3 young (3072K), 3 survivors (3072K)
 Metaspace       used 26225K, committed 26688K, reserved 1114112K
  class space    used 3124K, committed 3328K, reserved 1048576K
}
Event: 5.795 GC heap before
{Heap before GC invocations=9 (full 0):
 garbage-first heap   total 45056K, used 37701K [0x0000000081400000, 0x0000000100000000)
  region size 1024K, 26 young (26624K), 3 survivors (3072K)
 Metaspace       used 28632K, committed 29120K, reserved 1114112K
  class space    used 3559K, committed 3776K, reserved 1048576K
}
Event: 5.802 GC heap after
{Heap after GC invocations=10 (full 0):
 garbage-first heap   total 54272K, used 15918K [0x0000000081400000, 0x0000000100000000)
  region size 1024K, 2 young (2048K), 2 survivors (2048K)
 Metaspace       used 28632K, committed 29120K, reserved 1114112K
  class space    used 3559K, committed 3776K, reserved 1048576K
}
Event: 6.374 GC heap before
{Heap before GC invocations=10 (full 0):
 garbage-first heap   total 54272K, used 44590K [0x0000000081400000, 0x0000000100000000)
  region size 1024K, 31 young (31744K), 2 survivors (2048K)
 Metaspace       used 32094K, committed 32576K, reserved 1114112K
  class space    used 3963K, committed 4160K, reserved 1048576K
}
Event: 6.379 GC heap after
{Heap after GC invocations=11 (full 0):
 garbage-first heap   total 54272K, used 17831K [0x0000000081400000, 0x0000000100000000)
  region size 1024K, 4 young (4096K), 4 survivors (4096K)
 Metaspace       used 32094K, committed 32576K, reserved 1114112K
  class space    used 3963K, committed 4160K, reserved 1048576K
}
Event: 6.720 GC heap before
{Heap before GC invocations=11 (full 0):
 garbage-first heap   total 54272K, used 45479K [0x0000000081400000, 0x0000000100000000)
  region size 1024K, 31 young (31744K), 4 survivors (4096K)
 Metaspace       used 35197K, committed 35776K, reserved 1114112K
  class space    used 4285K, committed 4544K, reserved 1048576K
}
Event: 6.725 GC heap after
{Heap after GC invocations=12 (full 0):
 garbage-first heap   total 54272K, used 19203K [0x0000000081400000, 0x0000000100000000)
  region size 1024K, 4 young (4096K), 4 survivors (4096K)
 Metaspace       used 35197K, committed 35776K, reserved 1114112K
  class space    used 4285K, committed 4544K, reserved 1048576K
}
Event: 6.753 GC heap before
{Heap before GC invocations=12 (full 0):
 garbage-first heap   total 54272K, used 20227K [0x0000000081400000, 0x0000000100000000)
  region size 1024K, 6 young (6144K), 4 survivors (4096K)
 Metaspace       used 35439K, committed 35968K, reserved 1114112K
  class space    used 4325K, committed 4608K, reserved 1048576K
}
Event: 6.758 GC heap after
{Heap after GC invocations=13 (full 0):
 garbage-first heap   total 54272K, used 19370K [0x0000000081400000, 0x0000000100000000)
  region size 1024K, 2 young (2048K), 2 survivors (2048K)
 Metaspace       used 35439K, committed 35968K, reserved 1114112K
  class space    used 4325K, committed 4608K, reserved 1048576K
}
Event: 7.507 GC heap before
{Heap before GC invocations=14 (full 0):
 garbage-first heap   total 54272K, used 44970K [0x0000000081400000, 0x0000000100000000)
  region size 1024K, 27 young (27648K), 2 survivors (2048K)
 Metaspace       used 40330K, committed 40896K, reserved 1114112K
  class space    used 4924K, committed 5184K, reserved 1048576K
}
Event: 7.511 GC heap after
{Heap after GC invocations=15 (full 0):
 garbage-first heap   total 54272K, used 21067K [0x0000000081400000, 0x0000000100000000)
  region size 1024K, 4 young (4096K), 4 survivors (4096K)
 Metaspace       used 40330K, committed 40896K, reserved 1114112K
  class space    used 4924K, committed 5184K, reserved 1048576K
}

